2022-09-20 12:09:15,916 ERROR Internal Server Error: /news/create/ D:\I am in Moskow\PYTHON\SkillFactory\D_2.4\news_portal\venv\lib\site-packages\django\utils\log.py (<class 'smtplib.SMTPDataError'>, SMTPDataError(554, b'5.7.1 Message rejected under suspicion of SPAM; https://ya.cc/1IrBc 1663664956-Q1qzurx9FU-9Gjaek9k'), <traceback object at 0x00000292627179C0>)
Traceback (most recent call last):
  File "D:\I am in Moskow\PYTHON\SkillFactory\D_2.4\news_portal\venv\lib\site-packages\django\core\handlers\exception.py", line 55, in inner
    response = get_response(request)
  File "D:\I am in Moskow\PYTHON\SkillFactory\D_2.4\news_portal\venv\lib\site-packages\django\core\handlers\base.py", line 197, in _get_response
    response = wrapped_callback(request, *callback_args, **callback_kwargs)
  File "D:\I am in Moskow\PYTHON\SkillFactory\D_2.4\news_portal\venv\lib\site-packages\django\views\generic\base.py", line 84, in view
    return self.dispatch(request, *args, **kwargs)
  File "D:\I am in Moskow\PYTHON\SkillFactory\D_2.4\news_portal\venv\lib\site-packages\django\contrib\auth\mixins.py", line 73, in dispatch
    return super().dispatch(request, *args, **kwargs)
  File "D:\I am in Moskow\PYTHON\SkillFactory\D_2.4\news_portal\venv\lib\site-packages\django\views\generic\base.py", line 119, in dispatch
    return handler(request, *args, **kwargs)
  File "D:\I am in Moskow\PYTHON\SkillFactory\D_2.4\news_portal\venv\lib\site-packages\django\views\generic\edit.py", line 184, in post
    return super().post(request, *args, **kwargs)
  File "D:\I am in Moskow\PYTHON\SkillFactory\D_2.4\news_portal\venv\lib\site-packages\django\views\generic\edit.py", line 153, in post
    return self.form_valid(form)
  File "D:\I am in Moskow\PYTHON\SkillFactory\D_2.4\news_portal\venv\lib\site-packages\django\views\generic\edit.py", line 135, in form_valid
    self.object = form.save()
  File "D:\I am in Moskow\PYTHON\SkillFactory\D_2.4\news_portal\venv\lib\site-packages\django\forms\models.py", line 549, in save
    self._save_m2m()
  File "D:\I am in Moskow\PYTHON\SkillFactory\D_2.4\news_portal\venv\lib\site-packages\django\forms\models.py", line 530, in _save_m2m
    f.save_form_data(self.instance, cleaned_data[f.name])
  File "D:\I am in Moskow\PYTHON\SkillFactory\D_2.4\news_portal\venv\lib\site-packages\django\db\models\fields\related.py", line 1928, in save_form_data
    getattr(instance, self.attname).set(data)
  File "D:\I am in Moskow\PYTHON\SkillFactory\D_2.4\news_portal\venv\lib\site-packages\django\db\models\fields\related_descriptors.py", line 1130, in set
    self.add(*new_objs, through_defaults=through_defaults)
  File "D:\I am in Moskow\PYTHON\SkillFactory\D_2.4\news_portal\venv\lib\site-packages\django\db\models\fields\related_descriptors.py", line 1048, in add
    self._add_items(
  File "D:\I am in Moskow\PYTHON\SkillFactory\D_2.4\news_portal\venv\lib\site-packages\django\db\models\fields\related_descriptors.py", line 1313, in _add_items
    signals.m2m_changed.send(
  File "D:\I am in Moskow\PYTHON\SkillFactory\D_2.4\news_portal\venv\lib\site-packages\django\dispatch\dispatcher.py", line 176, in send
    return [
  File "D:\I am in Moskow\PYTHON\SkillFactory\D_2.4\news_portal\venv\lib\site-packages\django\dispatch\dispatcher.py", line 177, in <listcomp>
    (receiver, receiver(signal=self, sender=sender, **named))
  File "D:\I am in Moskow\PYTHON\SkillFactory\D_2.4\news_portal\newspaper\news\signals.py", line 33, in notify_subscriber
    msg.send()
  File "D:\I am in Moskow\PYTHON\SkillFactory\D_2.4\news_portal\venv\lib\site-packages\django\core\mail\message.py", line 298, in send
    return self.get_connection(fail_silently).send_messages([self])
  File "D:\I am in Moskow\PYTHON\SkillFactory\D_2.4\news_portal\venv\lib\site-packages\django\core\mail\backends\smtp.py", line 131, in send_messages
    sent = self._send(message)
  File "D:\I am in Moskow\PYTHON\SkillFactory\D_2.4\news_portal\venv\lib\site-packages\django\core\mail\backends\smtp.py", line 149, in _send
    self.connection.sendmail(
  File "C:\Users\olexi\AppData\Local\Programs\Python\Python38\lib\smtplib.py", line 901, in sendmail
    raise SMTPDataError(code, resp)
smtplib.SMTPDataError: (554, b'5.7.1 Message rejected under suspicion of SPAM; https://ya.cc/1IrBc 1663664956-Q1qzurx9FU-9Gjaek9k')
2022-09-20 12:09:15,925 ERROR "POST /news/create/ HTTP/1.1" 500 168729 D:\I am in Moskow\PYTHON\SkillFactory\D_2.4\news_portal\venv\lib\site-packages\django\core\servers\basehttp.py None
2022-09-20 12:09:28,123 ERROR Internal Server Error: /news/create/ D:\I am in Moskow\PYTHON\SkillFactory\D_2.4\news_portal\venv\lib\site-packages\django\utils\log.py (<class 'smtplib.SMTPDataError'>, SMTPDataError(554, b'5.7.1 Message rejected under suspicion of SPAM; https://ya.cc/1IrBc 1663664968-uhWgbbcbbC-9SiqGmVJ'), <traceback object at 0x000002926287BB00>)
Traceback (most recent call last):
  File "D:\I am in Moskow\PYTHON\SkillFactory\D_2.4\news_portal\venv\lib\site-packages\django\core\handlers\exception.py", line 55, in inner
    response = get_response(request)
  File "D:\I am in Moskow\PYTHON\SkillFactory\D_2.4\news_portal\venv\lib\site-packages\django\core\handlers\base.py", line 197, in _get_response
    response = wrapped_callback(request, *callback_args, **callback_kwargs)
  File "D:\I am in Moskow\PYTHON\SkillFactory\D_2.4\news_portal\venv\lib\site-packages\django\views\generic\base.py", line 84, in view
    return self.dispatch(request, *args, **kwargs)
  File "D:\I am in Moskow\PYTHON\SkillFactory\D_2.4\news_portal\venv\lib\site-packages\django\contrib\auth\mixins.py", line 73, in dispatch
    return super().dispatch(request, *args, **kwargs)
  File "D:\I am in Moskow\PYTHON\SkillFactory\D_2.4\news_portal\venv\lib\site-packages\django\views\generic\base.py", line 119, in dispatch
    return handler(request, *args, **kwargs)
  File "D:\I am in Moskow\PYTHON\SkillFactory\D_2.4\news_portal\venv\lib\site-packages\django\views\generic\edit.py", line 184, in post
    return super().post(request, *args, **kwargs)
  File "D:\I am in Moskow\PYTHON\SkillFactory\D_2.4\news_portal\venv\lib\site-packages\django\views\generic\edit.py", line 153, in post
    return self.form_valid(form)
  File "D:\I am in Moskow\PYTHON\SkillFactory\D_2.4\news_portal\venv\lib\site-packages\django\views\generic\edit.py", line 135, in form_valid
    self.object = form.save()
  File "D:\I am in Moskow\PYTHON\SkillFactory\D_2.4\news_portal\venv\lib\site-packages\django\forms\models.py", line 549, in save
    self._save_m2m()
  File "D:\I am in Moskow\PYTHON\SkillFactory\D_2.4\news_portal\venv\lib\site-packages\django\forms\models.py", line 530, in _save_m2m
    f.save_form_data(self.instance, cleaned_data[f.name])
  File "D:\I am in Moskow\PYTHON\SkillFactory\D_2.4\news_portal\venv\lib\site-packages\django\db\models\fields\related.py", line 1928, in save_form_data
    getattr(instance, self.attname).set(data)
  File "D:\I am in Moskow\PYTHON\SkillFactory\D_2.4\news_portal\venv\lib\site-packages\django\db\models\fields\related_descriptors.py", line 1130, in set
    self.add(*new_objs, through_defaults=through_defaults)
  File "D:\I am in Moskow\PYTHON\SkillFactory\D_2.4\news_portal\venv\lib\site-packages\django\db\models\fields\related_descriptors.py", line 1048, in add
    self._add_items(
  File "D:\I am in Moskow\PYTHON\SkillFactory\D_2.4\news_portal\venv\lib\site-packages\django\db\models\fields\related_descriptors.py", line 1313, in _add_items
    signals.m2m_changed.send(
  File "D:\I am in Moskow\PYTHON\SkillFactory\D_2.4\news_portal\venv\lib\site-packages\django\dispatch\dispatcher.py", line 176, in send
    return [
  File "D:\I am in Moskow\PYTHON\SkillFactory\D_2.4\news_portal\venv\lib\site-packages\django\dispatch\dispatcher.py", line 177, in <listcomp>
    (receiver, receiver(signal=self, sender=sender, **named))
  File "D:\I am in Moskow\PYTHON\SkillFactory\D_2.4\news_portal\newspaper\news\signals.py", line 33, in notify_subscriber
    msg.send()
  File "D:\I am in Moskow\PYTHON\SkillFactory\D_2.4\news_portal\venv\lib\site-packages\django\core\mail\message.py", line 298, in send
    return self.get_connection(fail_silently).send_messages([self])
  File "D:\I am in Moskow\PYTHON\SkillFactory\D_2.4\news_portal\venv\lib\site-packages\django\core\mail\backends\smtp.py", line 131, in send_messages
    sent = self._send(message)
  File "D:\I am in Moskow\PYTHON\SkillFactory\D_2.4\news_portal\venv\lib\site-packages\django\core\mail\backends\smtp.py", line 149, in _send
    self.connection.sendmail(
  File "C:\Users\olexi\AppData\Local\Programs\Python\Python38\lib\smtplib.py", line 901, in sendmail
    raise SMTPDataError(code, resp)
smtplib.SMTPDataError: (554, b'5.7.1 Message rejected under suspicion of SPAM; https://ya.cc/1IrBc 1663664968-uhWgbbcbbC-9SiqGmVJ')
2022-09-20 12:09:28,125 ERROR "POST /news/create/ HTTP/1.1" 500 168729 D:\I am in Moskow\PYTHON\SkillFactory\D_2.4\news_portal\venv\lib\site-packages\django\core\servers\basehttp.py None
2022-09-20 12:11:51,111 ERROR Internal Server Error: /news/73/edit/ D:\I am in Moskow\PYTHON\SkillFactory\D_2.4\news_portal\venv\lib\site-packages\django\utils\log.py (<class 'smtplib.SMTPDataError'>, SMTPDataError(554, b'5.7.1 Message rejected under suspicion of SPAM; https://ya.cc/1IrBc 1663665111-918vTNevKM-Bpiepdss'), <traceback object at 0x0000029263AFC300>)
Traceback (most recent call last):
  File "D:\I am in Moskow\PYTHON\SkillFactory\D_2.4\news_portal\venv\lib\site-packages\django\core\handlers\exception.py", line 55, in inner
    response = get_response(request)
  File "D:\I am in Moskow\PYTHON\SkillFactory\D_2.4\news_portal\venv\lib\site-packages\django\core\handlers\base.py", line 197, in _get_response
    response = wrapped_callback(request, *callback_args, **callback_kwargs)
  File "D:\I am in Moskow\PYTHON\SkillFactory\D_2.4\news_portal\venv\lib\site-packages\django\views\generic\base.py", line 84, in view
    return self.dispatch(request, *args, **kwargs)
  File "D:\I am in Moskow\PYTHON\SkillFactory\D_2.4\news_portal\venv\lib\site-packages\django\contrib\auth\mixins.py", line 73, in dispatch
    return super().dispatch(request, *args, **kwargs)
  File "D:\I am in Moskow\PYTHON\SkillFactory\D_2.4\news_portal\venv\lib\site-packages\django\views\generic\base.py", line 119, in dispatch
    return handler(request, *args, **kwargs)
  File "D:\I am in Moskow\PYTHON\SkillFactory\D_2.4\news_portal\venv\lib\site-packages\django\views\generic\edit.py", line 208, in post
    return super().post(request, *args, **kwargs)
  File "D:\I am in Moskow\PYTHON\SkillFactory\D_2.4\news_portal\venv\lib\site-packages\django\views\generic\edit.py", line 153, in post
    return self.form_valid(form)
  File "D:\I am in Moskow\PYTHON\SkillFactory\D_2.4\news_portal\venv\lib\site-packages\django\views\generic\edit.py", line 135, in form_valid
    self.object = form.save()
  File "D:\I am in Moskow\PYTHON\SkillFactory\D_2.4\news_portal\venv\lib\site-packages\django\forms\models.py", line 549, in save
    self._save_m2m()
  File "D:\I am in Moskow\PYTHON\SkillFactory\D_2.4\news_portal\venv\lib\site-packages\django\forms\models.py", line 530, in _save_m2m
    f.save_form_data(self.instance, cleaned_data[f.name])
  File "D:\I am in Moskow\PYTHON\SkillFactory\D_2.4\news_portal\venv\lib\site-packages\django\db\models\fields\related.py", line 1928, in save_form_data
    getattr(instance, self.attname).set(data)
  File "D:\I am in Moskow\PYTHON\SkillFactory\D_2.4\news_portal\venv\lib\site-packages\django\db\models\fields\related_descriptors.py", line 1130, in set
    self.add(*new_objs, through_defaults=through_defaults)
  File "D:\I am in Moskow\PYTHON\SkillFactory\D_2.4\news_portal\venv\lib\site-packages\django\db\models\fields\related_descriptors.py", line 1048, in add
    self._add_items(
  File "D:\I am in Moskow\PYTHON\SkillFactory\D_2.4\news_portal\venv\lib\site-packages\django\db\models\fields\related_descriptors.py", line 1313, in _add_items
    signals.m2m_changed.send(
  File "D:\I am in Moskow\PYTHON\SkillFactory\D_2.4\news_portal\venv\lib\site-packages\django\dispatch\dispatcher.py", line 176, in send
    return [
  File "D:\I am in Moskow\PYTHON\SkillFactory\D_2.4\news_portal\venv\lib\site-packages\django\dispatch\dispatcher.py", line 177, in <listcomp>
    (receiver, receiver(signal=self, sender=sender, **named))
  File "D:\I am in Moskow\PYTHON\SkillFactory\D_2.4\news_portal\newspaper\news\signals.py", line 33, in notify_subscriber
    msg.send()
  File "D:\I am in Moskow\PYTHON\SkillFactory\D_2.4\news_portal\venv\lib\site-packages\django\core\mail\message.py", line 298, in send
    return self.get_connection(fail_silently).send_messages([self])
  File "D:\I am in Moskow\PYTHON\SkillFactory\D_2.4\news_portal\venv\lib\site-packages\django\core\mail\backends\smtp.py", line 131, in send_messages
    sent = self._send(message)
  File "D:\I am in Moskow\PYTHON\SkillFactory\D_2.4\news_portal\venv\lib\site-packages\django\core\mail\backends\smtp.py", line 149, in _send
    self.connection.sendmail(
  File "C:\Users\olexi\AppData\Local\Programs\Python\Python38\lib\smtplib.py", line 901, in sendmail
    raise SMTPDataError(code, resp)
smtplib.SMTPDataError: (554, b'5.7.1 Message rejected under suspicion of SPAM; https://ya.cc/1IrBc 1663665111-918vTNevKM-Bpiepdss')
2022-09-20 12:11:51,113 ERROR "POST /news/73/edit/ HTTP/1.1" 500 168430 D:\I am in Moskow\PYTHON\SkillFactory\D_2.4\news_portal\venv\lib\site-packages\django\core\servers\basehttp.py None
2022-09-20 12:37:47,596 ERROR Internal Server Error: /news/73/edit/ D:\I am in Moskow\PYTHON\SkillFactory\D_2.4\news_portal\venv\lib\site-packages\django\utils\log.py (<class 'smtplib.SMTPDataError'>, SMTPDataError(554, b'5.7.1 Message rejected under suspicion of SPAM; https://ya.cc/1IrBc 1663666668-Iui47z4c3Y-bliqhcTi'), <traceback object at 0x000001EE668AA500>)
Traceback (most recent call last):
  File "D:\I am in Moskow\PYTHON\SkillFactory\D_2.4\news_portal\venv\lib\site-packages\django\core\handlers\exception.py", line 55, in inner
    response = get_response(request)
  File "D:\I am in Moskow\PYTHON\SkillFactory\D_2.4\news_portal\venv\lib\site-packages\django\core\handlers\base.py", line 197, in _get_response
    response = wrapped_callback(request, *callback_args, **callback_kwargs)
  File "D:\I am in Moskow\PYTHON\SkillFactory\D_2.4\news_portal\venv\lib\site-packages\django\views\generic\base.py", line 84, in view
    return self.dispatch(request, *args, **kwargs)
  File "D:\I am in Moskow\PYTHON\SkillFactory\D_2.4\news_portal\venv\lib\site-packages\django\contrib\auth\mixins.py", line 73, in dispatch
    return super().dispatch(request, *args, **kwargs)
  File "D:\I am in Moskow\PYTHON\SkillFactory\D_2.4\news_portal\venv\lib\site-packages\django\views\generic\base.py", line 119, in dispatch
    return handler(request, *args, **kwargs)
  File "D:\I am in Moskow\PYTHON\SkillFactory\D_2.4\news_portal\venv\lib\site-packages\django\views\generic\edit.py", line 208, in post
    return super().post(request, *args, **kwargs)
  File "D:\I am in Moskow\PYTHON\SkillFactory\D_2.4\news_portal\venv\lib\site-packages\django\views\generic\edit.py", line 153, in post
    return self.form_valid(form)
  File "D:\I am in Moskow\PYTHON\SkillFactory\D_2.4\news_portal\venv\lib\site-packages\django\views\generic\edit.py", line 135, in form_valid
    self.object = form.save()
  File "D:\I am in Moskow\PYTHON\SkillFactory\D_2.4\news_portal\venv\lib\site-packages\django\forms\models.py", line 549, in save
    self._save_m2m()
  File "D:\I am in Moskow\PYTHON\SkillFactory\D_2.4\news_portal\venv\lib\site-packages\django\forms\models.py", line 530, in _save_m2m
    f.save_form_data(self.instance, cleaned_data[f.name])
  File "D:\I am in Moskow\PYTHON\SkillFactory\D_2.4\news_portal\venv\lib\site-packages\django\db\models\fields\related.py", line 1928, in save_form_data
    getattr(instance, self.attname).set(data)
  File "D:\I am in Moskow\PYTHON\SkillFactory\D_2.4\news_portal\venv\lib\site-packages\django\db\models\fields\related_descriptors.py", line 1130, in set
    self.add(*new_objs, through_defaults=through_defaults)
  File "D:\I am in Moskow\PYTHON\SkillFactory\D_2.4\news_portal\venv\lib\site-packages\django\db\models\fields\related_descriptors.py", line 1048, in add
    self._add_items(
  File "D:\I am in Moskow\PYTHON\SkillFactory\D_2.4\news_portal\venv\lib\site-packages\django\db\models\fields\related_descriptors.py", line 1313, in _add_items
    signals.m2m_changed.send(
  File "D:\I am in Moskow\PYTHON\SkillFactory\D_2.4\news_portal\venv\lib\site-packages\django\dispatch\dispatcher.py", line 176, in send
    return [
  File "D:\I am in Moskow\PYTHON\SkillFactory\D_2.4\news_portal\venv\lib\site-packages\django\dispatch\dispatcher.py", line 177, in <listcomp>
    (receiver, receiver(signal=self, sender=sender, **named))
  File "D:\I am in Moskow\PYTHON\SkillFactory\D_2.4\news_portal\newspaper\news\signals.py", line 33, in notify_subscriber
    msg.send()
  File "D:\I am in Moskow\PYTHON\SkillFactory\D_2.4\news_portal\venv\lib\site-packages\django\core\mail\message.py", line 298, in send
    return self.get_connection(fail_silently).send_messages([self])
  File "D:\I am in Moskow\PYTHON\SkillFactory\D_2.4\news_portal\venv\lib\site-packages\django\core\mail\backends\smtp.py", line 131, in send_messages
    sent = self._send(message)
  File "D:\I am in Moskow\PYTHON\SkillFactory\D_2.4\news_portal\venv\lib\site-packages\django\core\mail\backends\smtp.py", line 149, in _send
    self.connection.sendmail(
  File "C:\Users\olexi\AppData\Local\Programs\Python\Python38\lib\smtplib.py", line 901, in sendmail
    raise SMTPDataError(code, resp)
smtplib.SMTPDataError: (554, b'5.7.1 Message rejected under suspicion of SPAM; https://ya.cc/1IrBc 1663666668-Iui47z4c3Y-bliqhcTi')
2022-09-20 12:37:47,600 ERROR "POST /news/73/edit/ HTTP/1.1" 500 168915 D:\I am in Moskow\PYTHON\SkillFactory\D_2.4\news_portal\venv\lib\site-packages\django\core\servers\basehttp.py None
2022-09-20 12:43:08,148 ERROR Internal Server Error: /news/73/edit/ D:\I am in Moskow\PYTHON\SkillFactory\D_2.4\news_portal\venv\lib\site-packages\django\utils\log.py (<class 'smtplib.SMTPDataError'>, SMTPDataError(554, b'5.7.1 Message rejected under suspicion of SPAM; https://ya.cc/1IrBc 1663666988-RJBj6AqzN1-h8iGlIH8'), <traceback object at 0x0000021B46E2DF40>)
Traceback (most recent call last):
  File "D:\I am in Moskow\PYTHON\SkillFactory\D_2.4\news_portal\venv\lib\site-packages\django\core\handlers\exception.py", line 55, in inner
    response = get_response(request)
  File "D:\I am in Moskow\PYTHON\SkillFactory\D_2.4\news_portal\venv\lib\site-packages\django\core\handlers\base.py", line 197, in _get_response
    response = wrapped_callback(request, *callback_args, **callback_kwargs)
  File "D:\I am in Moskow\PYTHON\SkillFactory\D_2.4\news_portal\venv\lib\site-packages\django\views\generic\base.py", line 84, in view
    return self.dispatch(request, *args, **kwargs)
  File "D:\I am in Moskow\PYTHON\SkillFactory\D_2.4\news_portal\venv\lib\site-packages\django\contrib\auth\mixins.py", line 73, in dispatch
    return super().dispatch(request, *args, **kwargs)
  File "D:\I am in Moskow\PYTHON\SkillFactory\D_2.4\news_portal\venv\lib\site-packages\django\views\generic\base.py", line 119, in dispatch
    return handler(request, *args, **kwargs)
  File "D:\I am in Moskow\PYTHON\SkillFactory\D_2.4\news_portal\venv\lib\site-packages\django\views\generic\edit.py", line 208, in post
    return super().post(request, *args, **kwargs)
  File "D:\I am in Moskow\PYTHON\SkillFactory\D_2.4\news_portal\venv\lib\site-packages\django\views\generic\edit.py", line 153, in post
    return self.form_valid(form)
  File "D:\I am in Moskow\PYTHON\SkillFactory\D_2.4\news_portal\venv\lib\site-packages\django\views\generic\edit.py", line 135, in form_valid
    self.object = form.save()
  File "D:\I am in Moskow\PYTHON\SkillFactory\D_2.4\news_portal\venv\lib\site-packages\django\forms\models.py", line 549, in save
    self._save_m2m()
  File "D:\I am in Moskow\PYTHON\SkillFactory\D_2.4\news_portal\venv\lib\site-packages\django\forms\models.py", line 530, in _save_m2m
    f.save_form_data(self.instance, cleaned_data[f.name])
  File "D:\I am in Moskow\PYTHON\SkillFactory\D_2.4\news_portal\venv\lib\site-packages\django\db\models\fields\related.py", line 1928, in save_form_data
    getattr(instance, self.attname).set(data)
  File "D:\I am in Moskow\PYTHON\SkillFactory\D_2.4\news_portal\venv\lib\site-packages\django\db\models\fields\related_descriptors.py", line 1130, in set
    self.add(*new_objs, through_defaults=through_defaults)
  File "D:\I am in Moskow\PYTHON\SkillFactory\D_2.4\news_portal\venv\lib\site-packages\django\db\models\fields\related_descriptors.py", line 1048, in add
    self._add_items(
  File "D:\I am in Moskow\PYTHON\SkillFactory\D_2.4\news_portal\venv\lib\site-packages\django\db\models\fields\related_descriptors.py", line 1313, in _add_items
    signals.m2m_changed.send(
  File "D:\I am in Moskow\PYTHON\SkillFactory\D_2.4\news_portal\venv\lib\site-packages\django\dispatch\dispatcher.py", line 176, in send
    return [
  File "D:\I am in Moskow\PYTHON\SkillFactory\D_2.4\news_portal\venv\lib\site-packages\django\dispatch\dispatcher.py", line 177, in <listcomp>
    (receiver, receiver(signal=self, sender=sender, **named))
  File "D:\I am in Moskow\PYTHON\SkillFactory\D_2.4\news_portal\newspaper\news\signals.py", line 33, in notify_subscriber
    msg.send()
  File "D:\I am in Moskow\PYTHON\SkillFactory\D_2.4\news_portal\venv\lib\site-packages\django\core\mail\message.py", line 298, in send
    return self.get_connection(fail_silently).send_messages([self])
  File "D:\I am in Moskow\PYTHON\SkillFactory\D_2.4\news_portal\venv\lib\site-packages\django\core\mail\backends\smtp.py", line 131, in send_messages
    sent = self._send(message)
  File "D:\I am in Moskow\PYTHON\SkillFactory\D_2.4\news_portal\venv\lib\site-packages\django\core\mail\backends\smtp.py", line 149, in _send
    self.connection.sendmail(
  File "C:\Users\olexi\AppData\Local\Programs\Python\Python38\lib\smtplib.py", line 901, in sendmail
    raise SMTPDataError(code, resp)
smtplib.SMTPDataError: (554, b'5.7.1 Message rejected under suspicion of SPAM; https://ya.cc/1IrBc 1663666988-RJBj6AqzN1-h8iGlIH8')
2022-09-20 12:43:08,154 ERROR "POST /news/73/edit/ HTTP/1.1" 500 168922 D:\I am in Moskow\PYTHON\SkillFactory\D_2.4\news_portal\venv\lib\site-packages\django\core\servers\basehttp.py None
2022-09-23 12:03:59,824 ERROR Internal Server Error: / D:\I am in Moskow\PYTHON\SkillFactory\D_2.4\news_portal\venv\lib\site-packages\django\utils\log.py (<class 'django.template.exceptions.TemplateSyntaxError'>, TemplateSyntaxError('Could not parse the remainder: \'"Пользователь:\' from \'"Пользователь:\''), <traceback object at 0x0000019D52662A00>)
Traceback (most recent call last):
  File "D:\I am in Moskow\PYTHON\SkillFactory\D_2.4\news_portal\venv\lib\site-packages\django\core\handlers\exception.py", line 55, in inner
    response = get_response(request)
  File "D:\I am in Moskow\PYTHON\SkillFactory\D_2.4\news_portal\venv\lib\site-packages\django\utils\deprecation.py", line 136, in __call__
    response = self.process_response(request, response)
  File "D:\I am in Moskow\PYTHON\SkillFactory\D_2.4\news_portal\venv\lib\site-packages\django\contrib\flatpages\middleware.py", line 12, in process_response
    return flatpage(request, request.path_info)
  File "D:\I am in Moskow\PYTHON\SkillFactory\D_2.4\news_portal\venv\lib\site-packages\django\contrib\flatpages\views.py", line 45, in flatpage
    return render_flatpage(request, f)
  File "D:\I am in Moskow\PYTHON\SkillFactory\D_2.4\news_portal\venv\lib\site-packages\django\utils\decorators.py", line 133, in _wrapped_view
    response = view_func(request, *args, **kwargs)
  File "D:\I am in Moskow\PYTHON\SkillFactory\D_2.4\news_portal\venv\lib\site-packages\django\contrib\flatpages\views.py", line 70, in render_flatpage
    return HttpResponse(template.render({"flatpage": f}, request))
  File "D:\I am in Moskow\PYTHON\SkillFactory\D_2.4\news_portal\venv\lib\site-packages\django\template\backends\django.py", line 62, in render
    return self.template.render(context)
  File "D:\I am in Moskow\PYTHON\SkillFactory\D_2.4\news_portal\venv\lib\site-packages\django\template\base.py", line 175, in render
    return self._render(context)
  File "D:\I am in Moskow\PYTHON\SkillFactory\D_2.4\news_portal\venv\lib\site-packages\django\template\base.py", line 167, in _render
    return self.nodelist.render(context)
  File "D:\I am in Moskow\PYTHON\SkillFactory\D_2.4\news_portal\venv\lib\site-packages\django\template\base.py", line 1000, in render
    return SafeString("".join([node.render_annotated(context) for node in self]))
  File "D:\I am in Moskow\PYTHON\SkillFactory\D_2.4\news_portal\venv\lib\site-packages\django\template\base.py", line 1000, in <listcomp>
    return SafeString("".join([node.render_annotated(context) for node in self]))
  File "D:\I am in Moskow\PYTHON\SkillFactory\D_2.4\news_portal\venv\lib\site-packages\django\template\base.py", line 958, in render_annotated
    return self.render(context)
  File "D:\I am in Moskow\PYTHON\SkillFactory\D_2.4\news_portal\venv\lib\site-packages\django\template\loader_tags.py", line 132, in render
    compiled_parent = self.get_parent(context)
  File "D:\I am in Moskow\PYTHON\SkillFactory\D_2.4\news_portal\venv\lib\site-packages\django\template\loader_tags.py", line 129, in get_parent
    return self.find_template(parent, context)
  File "D:\I am in Moskow\PYTHON\SkillFactory\D_2.4\news_portal\venv\lib\site-packages\django\template\loader_tags.py", line 107, in find_template
    template, origin = context.template.engine.find_template(
  File "D:\I am in Moskow\PYTHON\SkillFactory\D_2.4\news_portal\venv\lib\site-packages\django\template\engine.py", line 158, in find_template
    template = loader.get_template(name, skip=skip)
  File "D:\I am in Moskow\PYTHON\SkillFactory\D_2.4\news_portal\venv\lib\site-packages\django\template\loaders\base.py", line 28, in get_template
    return Template(
  File "D:\I am in Moskow\PYTHON\SkillFactory\D_2.4\news_portal\venv\lib\site-packages\django\template\base.py", line 154, in __init__
    self.nodelist = self.compile_nodelist()
  File "D:\I am in Moskow\PYTHON\SkillFactory\D_2.4\news_portal\venv\lib\site-packages\django\template\base.py", line 200, in compile_nodelist
    return parser.parse()
  File "D:\I am in Moskow\PYTHON\SkillFactory\D_2.4\news_portal\venv\lib\site-packages\django\template\base.py", line 513, in parse
    raise self.error(token, e)
  File "D:\I am in Moskow\PYTHON\SkillFactory\D_2.4\news_portal\venv\lib\site-packages\django\template\base.py", line 511, in parse
    compiled_result = compile_func(self, token)
  File "D:\I am in Moskow\PYTHON\SkillFactory\D_2.4\news_portal\venv\lib\site-packages\django\template\defaulttags.py", line 954, in do_if
    nodelist = parser.parse(("elif", "else", "endif"))
  File "D:\I am in Moskow\PYTHON\SkillFactory\D_2.4\news_portal\venv\lib\site-packages\django\template\base.py", line 513, in parse
    raise self.error(token, e)
  File "D:\I am in Moskow\PYTHON\SkillFactory\D_2.4\news_portal\venv\lib\site-packages\django\template\base.py", line 511, in parse
    compiled_result = compile_func(self, token)
  File "D:\I am in Moskow\PYTHON\SkillFactory\D_2.4\news_portal\venv\lib\site-packages\django\templatetags\i18n.py", line 402, in do_translate
    message_string = parser.compile_filter(bits[1])
  File "D:\I am in Moskow\PYTHON\SkillFactory\D_2.4\news_portal\venv\lib\site-packages\django\template\base.py", line 600, in compile_filter
    return FilterExpression(token, self)
  File "D:\I am in Moskow\PYTHON\SkillFactory\D_2.4\news_portal\venv\lib\site-packages\django\template\base.py", line 701, in __init__
    raise TemplateSyntaxError(
django.template.exceptions.TemplateSyntaxError: Could not parse the remainder: '"Пользователь:' from '"Пользователь:'
2022-09-23 12:03:59,829 ERROR "GET / HTTP/1.1" 500 232446 D:\I am in Moskow\PYTHON\SkillFactory\D_2.4\news_portal\venv\lib\site-packages\django\core\servers\basehttp.py None
2022-09-23 13:02:43,634 ERROR Internal Server Error: /news/73 D:\I am in Moskow\PYTHON\SkillFactory\D_2.4\news_portal\venv\lib\site-packages\django\utils\log.py (<class 'django.template.exceptions.TemplateSyntaxError'>, TemplateSyntaxError("Invalid block tag on line 23: 'trans', expected 'elif', 'else' or 'endif'. Did you forget to register or load this tag?"), <traceback object at 0x00000217F5701480>)
Traceback (most recent call last):
  File "D:\I am in Moskow\PYTHON\SkillFactory\D_2.4\news_portal\venv\lib\site-packages\django\template\base.py", line 505, in parse
    compile_func = self.tags[command]
KeyError: 'trans'

During handling of the above exception, another exception occurred:

Traceback (most recent call last):
  File "D:\I am in Moskow\PYTHON\SkillFactory\D_2.4\news_portal\venv\lib\site-packages\django\core\handlers\exception.py", line 55, in inner
    response = get_response(request)
  File "D:\I am in Moskow\PYTHON\SkillFactory\D_2.4\news_portal\venv\lib\site-packages\django\core\handlers\base.py", line 220, in _get_response
    response = response.render()
  File "D:\I am in Moskow\PYTHON\SkillFactory\D_2.4\news_portal\venv\lib\site-packages\django\template\response.py", line 114, in render
    self.content = self.rendered_content
  File "D:\I am in Moskow\PYTHON\SkillFactory\D_2.4\news_portal\venv\lib\site-packages\django\template\response.py", line 90, in rendered_content
    template = self.resolve_template(self.template_name)
  File "D:\I am in Moskow\PYTHON\SkillFactory\D_2.4\news_portal\venv\lib\site-packages\django\template\response.py", line 72, in resolve_template
    return select_template(template, using=self.using)
  File "D:\I am in Moskow\PYTHON\SkillFactory\D_2.4\news_portal\venv\lib\site-packages\django\template\loader.py", line 42, in select_template
    return engine.get_template(template_name)
  File "D:\I am in Moskow\PYTHON\SkillFactory\D_2.4\news_portal\venv\lib\site-packages\django\template\backends\django.py", line 34, in get_template
    return Template(self.engine.get_template(template_name), self)
  File "D:\I am in Moskow\PYTHON\SkillFactory\D_2.4\news_portal\venv\lib\site-packages\django\template\engine.py", line 176, in get_template
    template, origin = self.find_template(template_name)
  File "D:\I am in Moskow\PYTHON\SkillFactory\D_2.4\news_portal\venv\lib\site-packages\django\template\engine.py", line 158, in find_template
    template = loader.get_template(name, skip=skip)
  File "D:\I am in Moskow\PYTHON\SkillFactory\D_2.4\news_portal\venv\lib\site-packages\django\template\loaders\base.py", line 28, in get_template
    return Template(
  File "D:\I am in Moskow\PYTHON\SkillFactory\D_2.4\news_portal\venv\lib\site-packages\django\template\base.py", line 154, in __init__
    self.nodelist = self.compile_nodelist()
  File "D:\I am in Moskow\PYTHON\SkillFactory\D_2.4\news_portal\venv\lib\site-packages\django\template\base.py", line 200, in compile_nodelist
    return parser.parse()
  File "D:\I am in Moskow\PYTHON\SkillFactory\D_2.4\news_portal\venv\lib\site-packages\django\template\base.py", line 513, in parse
    raise self.error(token, e)
  File "D:\I am in Moskow\PYTHON\SkillFactory\D_2.4\news_portal\venv\lib\site-packages\django\template\base.py", line 511, in parse
    compiled_result = compile_func(self, token)
  File "D:\I am in Moskow\PYTHON\SkillFactory\D_2.4\news_portal\venv\lib\site-packages\django\template\loader_tags.py", line 293, in do_extends
    nodelist = parser.parse()
  File "D:\I am in Moskow\PYTHON\SkillFactory\D_2.4\news_portal\venv\lib\site-packages\django\template\base.py", line 513, in parse
    raise self.error(token, e)
  File "D:\I am in Moskow\PYTHON\SkillFactory\D_2.4\news_portal\venv\lib\site-packages\django\template\base.py", line 511, in parse
    compiled_result = compile_func(self, token)
  File "D:\I am in Moskow\PYTHON\SkillFactory\D_2.4\news_portal\venv\lib\site-packages\django\template\loader_tags.py", line 232, in do_block
    nodelist = parser.parse(("endblock",))
  File "D:\I am in Moskow\PYTHON\SkillFactory\D_2.4\news_portal\venv\lib\site-packages\django\template\base.py", line 513, in parse
    raise self.error(token, e)
  File "D:\I am in Moskow\PYTHON\SkillFactory\D_2.4\news_portal\venv\lib\site-packages\django\template\base.py", line 511, in parse
    compiled_result = compile_func(self, token)
  File "D:\I am in Moskow\PYTHON\SkillFactory\D_2.4\news_portal\venv\lib\site-packages\django\template\defaulttags.py", line 954, in do_if
    nodelist = parser.parse(("elif", "else", "endif"))
  File "D:\I am in Moskow\PYTHON\SkillFactory\D_2.4\news_portal\venv\lib\site-packages\django\template\base.py", line 507, in parse
    self.invalid_block_tag(token, command, parse_until)
  File "D:\I am in Moskow\PYTHON\SkillFactory\D_2.4\news_portal\venv\lib\site-packages\django\template\base.py", line 558, in invalid_block_tag
    raise self.error(
django.template.exceptions.TemplateSyntaxError: Invalid block tag on line 23: 'trans', expected 'elif', 'else' or 'endif'. Did you forget to register or load this tag?
2022-09-23 13:02:43,637 ERROR "GET /news/73 HTTP/1.1" 500 192541 D:\I am in Moskow\PYTHON\SkillFactory\D_2.4\news_portal\venv\lib\site-packages\django\core\servers\basehttp.py None
2022-09-23 13:19:17,141 ERROR Internal Server Error: /news/ D:\I am in Moskow\PYTHON\SkillFactory\D_2.4\news_portal\venv\lib\site-packages\django\utils\log.py (<class 'django.template.exceptions.TemplateSyntaxError'>, TemplateSyntaxError("Invalid block tag on line 7: 'trans', expected 'endblock'. Did you forget to register or load this tag?"), <traceback object at 0x00000160BD34B400>)
Traceback (most recent call last):
  File "D:\I am in Moskow\PYTHON\SkillFactory\D_2.4\news_portal\venv\lib\site-packages\django\template\base.py", line 505, in parse
    compile_func = self.tags[command]
KeyError: 'trans'

During handling of the above exception, another exception occurred:

Traceback (most recent call last):
  File "D:\I am in Moskow\PYTHON\SkillFactory\D_2.4\news_portal\venv\lib\site-packages\django\core\handlers\exception.py", line 55, in inner
    response = get_response(request)
  File "D:\I am in Moskow\PYTHON\SkillFactory\D_2.4\news_portal\venv\lib\site-packages\django\core\handlers\base.py", line 220, in _get_response
    response = response.render()
  File "D:\I am in Moskow\PYTHON\SkillFactory\D_2.4\news_portal\venv\lib\site-packages\django\template\response.py", line 114, in render
    self.content = self.rendered_content
  File "D:\I am in Moskow\PYTHON\SkillFactory\D_2.4\news_portal\venv\lib\site-packages\django\template\response.py", line 90, in rendered_content
    template = self.resolve_template(self.template_name)
  File "D:\I am in Moskow\PYTHON\SkillFactory\D_2.4\news_portal\venv\lib\site-packages\django\template\response.py", line 72, in resolve_template
    return select_template(template, using=self.using)
  File "D:\I am in Moskow\PYTHON\SkillFactory\D_2.4\news_portal\venv\lib\site-packages\django\template\loader.py", line 42, in select_template
    return engine.get_template(template_name)
  File "D:\I am in Moskow\PYTHON\SkillFactory\D_2.4\news_portal\venv\lib\site-packages\django\template\backends\django.py", line 34, in get_template
    return Template(self.engine.get_template(template_name), self)
  File "D:\I am in Moskow\PYTHON\SkillFactory\D_2.4\news_portal\venv\lib\site-packages\django\template\engine.py", line 176, in get_template
    template, origin = self.find_template(template_name)
  File "D:\I am in Moskow\PYTHON\SkillFactory\D_2.4\news_portal\venv\lib\site-packages\django\template\engine.py", line 158, in find_template
    template = loader.get_template(name, skip=skip)
  File "D:\I am in Moskow\PYTHON\SkillFactory\D_2.4\news_portal\venv\lib\site-packages\django\template\loaders\base.py", line 28, in get_template
    return Template(
  File "D:\I am in Moskow\PYTHON\SkillFactory\D_2.4\news_portal\venv\lib\site-packages\django\template\base.py", line 154, in __init__
    self.nodelist = self.compile_nodelist()
  File "D:\I am in Moskow\PYTHON\SkillFactory\D_2.4\news_portal\venv\lib\site-packages\django\template\base.py", line 200, in compile_nodelist
    return parser.parse()
  File "D:\I am in Moskow\PYTHON\SkillFactory\D_2.4\news_portal\venv\lib\site-packages\django\template\base.py", line 513, in parse
    raise self.error(token, e)
  File "D:\I am in Moskow\PYTHON\SkillFactory\D_2.4\news_portal\venv\lib\site-packages\django\template\base.py", line 511, in parse
    compiled_result = compile_func(self, token)
  File "D:\I am in Moskow\PYTHON\SkillFactory\D_2.4\news_portal\venv\lib\site-packages\django\template\loader_tags.py", line 293, in do_extends
    nodelist = parser.parse()
  File "D:\I am in Moskow\PYTHON\SkillFactory\D_2.4\news_portal\venv\lib\site-packages\django\template\base.py", line 513, in parse
    raise self.error(token, e)
  File "D:\I am in Moskow\PYTHON\SkillFactory\D_2.4\news_portal\venv\lib\site-packages\django\template\base.py", line 511, in parse
    compiled_result = compile_func(self, token)
  File "D:\I am in Moskow\PYTHON\SkillFactory\D_2.4\news_portal\venv\lib\site-packages\django\template\loader_tags.py", line 232, in do_block
    nodelist = parser.parse(("endblock",))
  File "D:\I am in Moskow\PYTHON\SkillFactory\D_2.4\news_portal\venv\lib\site-packages\django\template\base.py", line 507, in parse
    self.invalid_block_tag(token, command, parse_until)
  File "D:\I am in Moskow\PYTHON\SkillFactory\D_2.4\news_portal\venv\lib\site-packages\django\template\base.py", line 558, in invalid_block_tag
    raise self.error(
django.template.exceptions.TemplateSyntaxError: Invalid block tag on line 7: 'trans', expected 'endblock'. Did you forget to register or load this tag?
2022-09-23 13:19:17,144 ERROR "GET /news/ HTTP/1.1" 500 204878 D:\I am in Moskow\PYTHON\SkillFactory\D_2.4\news_portal\venv\lib\site-packages\django\core\servers\basehttp.py None
2022-09-23 13:21:14,521 ERROR Internal Server Error: /news/73/delete/ D:\I am in Moskow\PYTHON\SkillFactory\D_2.4\news_portal\venv\lib\site-packages\django\utils\log.py (<class 'django.template.exceptions.TemplateSyntaxError'>, TemplateSyntaxError('Could not parse the remainder: \'{{\' from \'"Удаляем "{{\''), <traceback object at 0x000002337B9C3DC0>)
Traceback (most recent call last):
  File "D:\I am in Moskow\PYTHON\SkillFactory\D_2.4\news_portal\venv\lib\site-packages\django\core\handlers\exception.py", line 55, in inner
    response = get_response(request)
  File "D:\I am in Moskow\PYTHON\SkillFactory\D_2.4\news_portal\venv\lib\site-packages\django\core\handlers\base.py", line 220, in _get_response
    response = response.render()
  File "D:\I am in Moskow\PYTHON\SkillFactory\D_2.4\news_portal\venv\lib\site-packages\django\template\response.py", line 114, in render
    self.content = self.rendered_content
  File "D:\I am in Moskow\PYTHON\SkillFactory\D_2.4\news_portal\venv\lib\site-packages\django\template\response.py", line 90, in rendered_content
    template = self.resolve_template(self.template_name)
  File "D:\I am in Moskow\PYTHON\SkillFactory\D_2.4\news_portal\venv\lib\site-packages\django\template\response.py", line 72, in resolve_template
    return select_template(template, using=self.using)
  File "D:\I am in Moskow\PYTHON\SkillFactory\D_2.4\news_portal\venv\lib\site-packages\django\template\loader.py", line 42, in select_template
    return engine.get_template(template_name)
  File "D:\I am in Moskow\PYTHON\SkillFactory\D_2.4\news_portal\venv\lib\site-packages\django\template\backends\django.py", line 34, in get_template
    return Template(self.engine.get_template(template_name), self)
  File "D:\I am in Moskow\PYTHON\SkillFactory\D_2.4\news_portal\venv\lib\site-packages\django\template\engine.py", line 176, in get_template
    template, origin = self.find_template(template_name)
  File "D:\I am in Moskow\PYTHON\SkillFactory\D_2.4\news_portal\venv\lib\site-packages\django\template\engine.py", line 158, in find_template
    template = loader.get_template(name, skip=skip)
  File "D:\I am in Moskow\PYTHON\SkillFactory\D_2.4\news_portal\venv\lib\site-packages\django\template\loaders\base.py", line 28, in get_template
    return Template(
  File "D:\I am in Moskow\PYTHON\SkillFactory\D_2.4\news_portal\venv\lib\site-packages\django\template\base.py", line 154, in __init__
    self.nodelist = self.compile_nodelist()
  File "D:\I am in Moskow\PYTHON\SkillFactory\D_2.4\news_portal\venv\lib\site-packages\django\template\base.py", line 200, in compile_nodelist
    return parser.parse()
  File "D:\I am in Moskow\PYTHON\SkillFactory\D_2.4\news_portal\venv\lib\site-packages\django\template\base.py", line 513, in parse
    raise self.error(token, e)
  File "D:\I am in Moskow\PYTHON\SkillFactory\D_2.4\news_portal\venv\lib\site-packages\django\template\base.py", line 511, in parse
    compiled_result = compile_func(self, token)
  File "D:\I am in Moskow\PYTHON\SkillFactory\D_2.4\news_portal\venv\lib\site-packages\django\template\loader_tags.py", line 293, in do_extends
    nodelist = parser.parse()
  File "D:\I am in Moskow\PYTHON\SkillFactory\D_2.4\news_portal\venv\lib\site-packages\django\template\base.py", line 513, in parse
    raise self.error(token, e)
  File "D:\I am in Moskow\PYTHON\SkillFactory\D_2.4\news_portal\venv\lib\site-packages\django\template\base.py", line 511, in parse
    compiled_result = compile_func(self, token)
  File "D:\I am in Moskow\PYTHON\SkillFactory\D_2.4\news_portal\venv\lib\site-packages\django\template\loader_tags.py", line 232, in do_block
    nodelist = parser.parse(("endblock",))
  File "D:\I am in Moskow\PYTHON\SkillFactory\D_2.4\news_portal\venv\lib\site-packages\django\template\base.py", line 513, in parse
    raise self.error(token, e)
  File "D:\I am in Moskow\PYTHON\SkillFactory\D_2.4\news_portal\venv\lib\site-packages\django\template\base.py", line 511, in parse
    compiled_result = compile_func(self, token)
  File "D:\I am in Moskow\PYTHON\SkillFactory\D_2.4\news_portal\venv\lib\site-packages\django\templatetags\i18n.py", line 402, in do_translate
    message_string = parser.compile_filter(bits[1])
  File "D:\I am in Moskow\PYTHON\SkillFactory\D_2.4\news_portal\venv\lib\site-packages\django\template\base.py", line 600, in compile_filter
    return FilterExpression(token, self)
  File "D:\I am in Moskow\PYTHON\SkillFactory\D_2.4\news_portal\venv\lib\site-packages\django\template\base.py", line 701, in __init__
    raise TemplateSyntaxError(
django.template.exceptions.TemplateSyntaxError: Could not parse the remainder: '{{' from '"Удаляем "{{'
2022-09-23 13:21:14,526 ERROR "GET /news/73/delete/ HTTP/1.1" 500 172932 D:\I am in Moskow\PYTHON\SkillFactory\D_2.4\news_portal\venv\lib\site-packages\django\core\servers\basehttp.py None
2022-09-23 13:21:55,204 ERROR Internal Server Error: /news/73/delete/ D:\I am in Moskow\PYTHON\SkillFactory\D_2.4\news_portal\venv\lib\site-packages\django\utils\log.py (<class 'django.template.exceptions.TemplateSyntaxError'>, TemplateSyntaxError('Could not parse the remainder: \'"Удаляем\' from \'"Удаляем\''), <traceback object at 0x000002337BA58380>)
Traceback (most recent call last):
  File "D:\I am in Moskow\PYTHON\SkillFactory\D_2.4\news_portal\venv\lib\site-packages\django\core\handlers\exception.py", line 55, in inner
    response = get_response(request)
  File "D:\I am in Moskow\PYTHON\SkillFactory\D_2.4\news_portal\venv\lib\site-packages\django\core\handlers\base.py", line 220, in _get_response
    response = response.render()
  File "D:\I am in Moskow\PYTHON\SkillFactory\D_2.4\news_portal\venv\lib\site-packages\django\template\response.py", line 114, in render
    self.content = self.rendered_content
  File "D:\I am in Moskow\PYTHON\SkillFactory\D_2.4\news_portal\venv\lib\site-packages\django\template\response.py", line 90, in rendered_content
    template = self.resolve_template(self.template_name)
  File "D:\I am in Moskow\PYTHON\SkillFactory\D_2.4\news_portal\venv\lib\site-packages\django\template\response.py", line 72, in resolve_template
    return select_template(template, using=self.using)
  File "D:\I am in Moskow\PYTHON\SkillFactory\D_2.4\news_portal\venv\lib\site-packages\django\template\loader.py", line 42, in select_template
    return engine.get_template(template_name)
  File "D:\I am in Moskow\PYTHON\SkillFactory\D_2.4\news_portal\venv\lib\site-packages\django\template\backends\django.py", line 34, in get_template
    return Template(self.engine.get_template(template_name), self)
  File "D:\I am in Moskow\PYTHON\SkillFactory\D_2.4\news_portal\venv\lib\site-packages\django\template\engine.py", line 176, in get_template
    template, origin = self.find_template(template_name)
  File "D:\I am in Moskow\PYTHON\SkillFactory\D_2.4\news_portal\venv\lib\site-packages\django\template\engine.py", line 158, in find_template
    template = loader.get_template(name, skip=skip)
  File "D:\I am in Moskow\PYTHON\SkillFactory\D_2.4\news_portal\venv\lib\site-packages\django\template\loaders\base.py", line 28, in get_template
    return Template(
  File "D:\I am in Moskow\PYTHON\SkillFactory\D_2.4\news_portal\venv\lib\site-packages\django\template\base.py", line 154, in __init__
    self.nodelist = self.compile_nodelist()
  File "D:\I am in Moskow\PYTHON\SkillFactory\D_2.4\news_portal\venv\lib\site-packages\django\template\base.py", line 200, in compile_nodelist
    return parser.parse()
  File "D:\I am in Moskow\PYTHON\SkillFactory\D_2.4\news_portal\venv\lib\site-packages\django\template\base.py", line 513, in parse
    raise self.error(token, e)
  File "D:\I am in Moskow\PYTHON\SkillFactory\D_2.4\news_portal\venv\lib\site-packages\django\template\base.py", line 511, in parse
    compiled_result = compile_func(self, token)
  File "D:\I am in Moskow\PYTHON\SkillFactory\D_2.4\news_portal\venv\lib\site-packages\django\template\loader_tags.py", line 293, in do_extends
    nodelist = parser.parse()
  File "D:\I am in Moskow\PYTHON\SkillFactory\D_2.4\news_portal\venv\lib\site-packages\django\template\base.py", line 513, in parse
    raise self.error(token, e)
  File "D:\I am in Moskow\PYTHON\SkillFactory\D_2.4\news_portal\venv\lib\site-packages\django\template\base.py", line 511, in parse
    compiled_result = compile_func(self, token)
  File "D:\I am in Moskow\PYTHON\SkillFactory\D_2.4\news_portal\venv\lib\site-packages\django\template\loader_tags.py", line 232, in do_block
    nodelist = parser.parse(("endblock",))
  File "D:\I am in Moskow\PYTHON\SkillFactory\D_2.4\news_portal\venv\lib\site-packages\django\template\base.py", line 513, in parse
    raise self.error(token, e)
  File "D:\I am in Moskow\PYTHON\SkillFactory\D_2.4\news_portal\venv\lib\site-packages\django\template\base.py", line 511, in parse
    compiled_result = compile_func(self, token)
  File "D:\I am in Moskow\PYTHON\SkillFactory\D_2.4\news_portal\venv\lib\site-packages\django\templatetags\i18n.py", line 402, in do_translate
    message_string = parser.compile_filter(bits[1])
  File "D:\I am in Moskow\PYTHON\SkillFactory\D_2.4\news_portal\venv\lib\site-packages\django\template\base.py", line 600, in compile_filter
    return FilterExpression(token, self)
  File "D:\I am in Moskow\PYTHON\SkillFactory\D_2.4\news_portal\venv\lib\site-packages\django\template\base.py", line 701, in __init__
    raise TemplateSyntaxError(
django.template.exceptions.TemplateSyntaxError: Could not parse the remainder: '"Удаляем' from '"Удаляем'
2022-09-23 13:21:55,206 ERROR "GET /news/73/delete/ HTTP/1.1" 500 173339 D:\I am in Moskow\PYTHON\SkillFactory\D_2.4\news_portal\venv\lib\site-packages\django\core\servers\basehttp.py None
